cd frontend && npm install --silent && npm run build

> frontend@0.0.0 build
> tsc && vite build

vite v3.2.11 building for production...
transforming...
Module level directives cause errors when bundled, 'use client' was ignored.
Module level directives cause errors when bundled, 'use client' was ignored.
Module level directives cause errors when bundled, 'use client' was ignored.
Module level directives cause errors when bundled, 'use client' was ignored.
Module level directives cause errors when bundled, 'use client' was ignored.
Module level directives cause errors when bundled, 'use client' was ignored.
Module level directives cause errors when bundled, 'use client' was ignored.
Module level directives cause errors when bundled, 'use client' was ignored.
Module level directives cause errors when bundled, 'use client' was ignored.
Module level directives cause errors when bundled, 'use client' was ignored.
Module level directives cause errors when bundled, 'use client' was ignored.
Module level directives cause errors when bundled, 'use client' was ignored.
Module level directives cause errors when bundled, 'use client' was ignored.
Module level directives cause errors when bundled, 'use client' was ignored.
Module level directives cause errors when bundled, 'use client' was ignored.
Module level directives cause errors when bundled, 'use client' was ignored.
Module level directives cause errors when bundled, 'use client' was ignored.
Module level directives cause errors when bundled, 'use client' was ignored.
Module level directives cause errors when bundled, 'use client' was ignored.
Module level directives cause errors when bundled, 'use client' was ignored.
Module level directives cause errors when bundled, 'use client' was ignored.
Module level directives cause errors when bundled, 'use client' was ignored.
Module level directives cause errors when bundled, 'use client' was ignored.
Module level directives cause errors when bundled, 'use client' was ignored.
Module level directives cause errors when bundled, 'use client' was ignored.
Module level directives cause errors when bundled, 'use client' was ignored.
Module level directives cause errors when bundled, 'use client' was ignored.
Module level directives cause errors when bundled, 'use client' was ignored.
Module level directives cause errors when bundled, 'use client' was ignored.
Module level directives cause errors when bundled, 'use client' was ignored.
Module level directives cause errors when bundled, 'use client' was ignored.
Module level directives cause errors when bundled, 'use client' was ignored.
Module level directives cause errors when bundled, 'use client' was ignored.
Module level directives cause errors when bundled, 'use client' was ignored.
Module level directives cause errors when bundled, 'use client' was ignored.
Module level directives cause errors when bundled, 'use client' was ignored.
Module level directives cause errors when bundled, 'use client' was ignored.
Module level directives cause errors when bundled, 'use client' was ignored.
Module level directives cause errors when bundled, 'use client' was ignored.
Module level directives cause errors when bundled, 'use client' was ignored.
Module level directives cause errors when bundled, 'use client' was ignored.
Module level directives cause errors when bundled, 'use client' was ignored.
Module level directives cause errors when bundled, 'use client' was ignored.
Module level directives cause errors when bundled, 'use client' was ignored.
Module level directives cause errors when bundled, 'use client' was ignored.
Module level directives cause errors when bundled, 'use client' was ignored.
Module level directives cause errors when bundled, 'use client' was ignored.
Module level directives cause errors when bundled, 'use client' was ignored.
Module level directives cause errors when bundled, 'use client' was ignored.
Module level directives cause errors when bundled, 'use client' was ignored.
Module level directives cause errors when bundled, 'use client' was ignored.
Module level directives cause errors when bundled, 'use client' was ignored.
Module level directives cause errors when bundled, 'use client' was ignored.
Module level directives cause errors when bundled, 'use client' was ignored.
Module level directives cause errors when bundled, 'use client' was ignored.
Module level directives cause errors when bundled, 'use client' was ignored.
Module level directives cause errors when bundled, 'use client' was ignored.
Module level directives cause errors when bundled, 'use client' was ignored.
Module level directives cause errors when bundled, 'use client' was ignored.
Module level directives cause errors when bundled, 'use client' was ignored.
Module level directives cause errors when bundled, 'use client' was ignored.
Module level directives cause errors when bundled, 'use client' was ignored.
Module level directives cause errors when bundled, 'use client' was ignored.
Module level directives cause errors when bundled, 'use client' was ignored.
Module level directives cause errors when bundled, 'use client' was ignored.
Module level directives cause errors when bundled, 'use client' was ignored.
Module level directives cause errors when bundled, 'use client' was ignored.
Module level directives cause errors when bundled, 'use client' was ignored.
Module level directives cause errors when bundled, 'use client' was ignored.
Module level directives cause errors when bundled, 'use client' was ignored.
Module level directives cause errors when bundled, 'use client' was ignored.
Module level directives cause errors when bundled, 'use client' was ignored.
Module level directives cause errors when bundled, 'use client' was ignored.
Module level directives cause errors when bundled, 'use client' was ignored.
Module level directives cause errors when bundled, 'use client' was ignored.
Module level directives cause errors when bundled, 'use client' was ignored.
Module level directives cause errors when bundled, 'use client' was ignored.
Module level directives cause errors when bundled, 'use client' was ignored.
Module level directives cause errors when bundled, 'use client' was ignored.
Module level directives cause errors when bundled, 'use client' was ignored.
Module level directives cause errors when bundled, 'use client' was ignored.
Module level directives cause errors when bundled, 'use client' was ignored.
Module level directives cause errors when bundled, 'use client' was ignored.
Module level directives cause errors when bundled, 'use client' was ignored.
Module level directives cause errors when bundled, 'use client' was ignored.
Module level directives cause errors when bundled, 'use client' was ignored.
Module level directives cause errors when bundled, 'use client' was ignored.
Module level directives cause errors when bundled, 'use client' was ignored.
Module level directives cause errors when bundled, 'use client' was ignored.
Module level directives cause errors when bundled, 'use client' was ignored.
Module level directives cause errors when bundled, 'use client' was ignored.
Module level directives cause errors when bundled, 'use client' was ignored.
Module level directives cause errors when bundled, 'use client' was ignored.
Module level directives cause errors when bundled, 'use client' was ignored.
Module level directives cause errors when bundled, 'use client' was ignored.
Module level directives cause errors when bundled, 'use client' was ignored.
Module level directives cause errors when bundled, 'use client' was ignored.
Module level directives cause errors when bundled, 'use client' was ignored.
Module level directives cause errors when bundled, 'use client' was ignored.
Module level directives cause errors when bundled, 'use client' was ignored.
Module level directives cause errors when bundled, 'use client' was ignored.
Module level directives cause errors when bundled, 'use client' was ignored.
Module level directives cause errors when bundled, 'use client' was ignored.
Module level directives cause errors when bundled, 'use client' was ignored.
Module level directives cause errors when bundled, 'use client' was ignored.
Module level directives cause errors when bundled, 'use client' was ignored.
Module level directives cause errors when bundled, 'use client' was ignored.
Module level directives cause errors when bundled, 'use client' was ignored.
Module level directives cause errors when bundled, 'use client' was ignored.
Module level directives cause errors when bundled, 'use client' was ignored.
Module level directives cause errors when bundled, 'use client' was ignored.
Module level directives cause errors when bundled, 'use client' was ignored.
Module level directives cause errors when bundled, 'use client' was ignored.
Module level directives cause errors when bundled, 'use client' was ignored.
Module level directives cause errors when bundled, 'use client' was ignored.
Module level directives cause errors when bundled, 'use client' was ignored.
Module level directives cause errors when bundled, 'use client' was ignored.
Module level directives cause errors when bundled, 'use client' was ignored.
Module level directives cause errors when bundled, 'use client' was ignored.
Module level directives cause errors when bundled, 'use client' was ignored.
Module level directives cause errors when bundled, 'use client' was ignored.
Module level directives cause errors when bundled, 'use client' was ignored.
Module level directives cause errors when bundled, 'use client' was ignored.
Module level directives cause errors when bundled, 'use client' was ignored.
Module level directives cause errors when bundled, 'use client' was ignored.
Module level directives cause errors when bundled, 'use client' was ignored.
Module level directives cause errors when bundled, 'use client' was ignored.
Module level directives cause errors when bundled, 'use client' was ignored.
Module level directives cause errors when bundled, 'use client' was ignored.
Module level directives cause errors when bundled, 'use client' was ignored.
Module level directives cause errors when bundled, 'use client' was ignored.
Module level directives cause errors when bundled, 'use client' was ignored.
Module level directives cause errors when bundled, 'use client' was ignored.
Module level directives cause errors when bundled, 'use client' was ignored.
Module level directives cause errors when bundled, 'use client' was ignored.
Module level directives cause errors when bundled, 'use client' was ignored.
Module level directives cause errors when bundled, 'use client' was ignored.
Module level directives cause errors when bundled, 'use client' was ignored.
Module level directives cause errors when bundled, 'use client' was ignored.
Module level directives cause errors when bundled, 'use client' was ignored.
Module level directives cause errors when bundled, 'use client' was ignored.
Module level directives cause errors when bundled, 'use client' was ignored.
Module level directives cause errors when bundled, 'use client' was ignored.
Module level directives cause errors when bundled, 'use client' was ignored.
Module level directives cause errors when bundled, 'use client' was ignored.
Module level directives cause errors when bundled, 'use client' was ignored.
Module level directives cause errors when bundled, 'use client' was ignored.
Module level directives cause errors when bundled, 'use client' was ignored.
Module level directives cause errors when bundled, 'use client' was ignored.
Module level directives cause errors when bundled, 'use client' was ignored.
Module level directives cause errors when bundled, 'use client' was ignored.
Module level directives cause errors when bundled, 'use client' was ignored.
Module level directives cause errors when bundled, 'use client' was ignored.
Module level directives cause errors when bundled, 'use client' was ignored.
Module level directives cause errors when bundled, 'use client' was ignored.
Module level directives cause errors when bundled, 'use client' was ignored.
Module level directives cause errors when bundled, 'use client' was ignored.
Module level directives cause errors when bundled, 'use client' was ignored.
Module level directives cause errors when bundled, 'use client' was ignored.
Module level directives cause errors when bundled, 'use client' was ignored.
Module level directives cause errors when bundled, 'use client' was ignored.
Module level directives cause errors when bundled, 'use client' was ignored.
Module level directives cause errors when bundled, 'use client' was ignored.
Module level directives cause errors when bundled, 'use client' was ignored.
Module level directives cause errors when bundled, 'use client' was ignored.
Module level directives cause errors when bundled, 'use client' was ignored.
Module level directives cause errors when bundled, 'use client' was ignored.
Module level directives cause errors when bundled, 'use client' was ignored.
Module level directives cause errors when bundled, 'use client' was ignored.
Module level directives cause errors when bundled, 'use client' was ignored.
Module level directives cause errors when bundled, 'use client' was ignored.
Module level directives cause errors when bundled, 'use client' was ignored.
Module level directives cause errors when bundled, 'use client' was ignored.
Module level directives cause errors when bundled, 'use client' was ignored.
Module level directives cause errors when bundled, 'use client' was ignored.
Module level directives cause errors when bundled, 'use client' was ignored.
Module level directives cause errors when bundled, 'use client' was ignored.
Module level directives cause errors when bundled, 'use client' was ignored.
Module level directives cause errors when bundled, 'use client' was ignored.
Module level directives cause errors when bundled, 'use client' was ignored.
Module level directives cause errors when bundled, 'use client' was ignored.
Module level directives cause errors when bundled, 'use client' was ignored.
Module level directives cause errors when bundled, 'use client' was ignored.
Module level directives cause errors when bundled, 'use client' was ignored.
Module level directives cause errors when bundled, 'use client' was ignored.
Module level directives cause errors when bundled, 'use client' was ignored.
Module level directives cause errors when bundled, 'use client' was ignored.
Module level directives cause errors when bundled, 'use client' was ignored.
Module level directives cause errors when bundled, 'use client' was ignored.
Module level directives cause errors when bundled, 'use client' was ignored.
Module level directives cause errors when bundled, 'use client' was ignored.
Module level directives cause errors when bundled, 'use client' was ignored.
Module level directives cause errors when bundled, 'use client' was ignored.
Module level directives cause errors when bundled, 'use client' was ignored.
Module level directives cause errors when bundled, 'use client' was ignored.
Module level directives cause errors when bundled, 'use client' was ignored.
Module level directives cause errors when bundled, 'use client' was ignored.
Module level directives cause errors when bundled, 'use client' was ignored.
Module level directives cause errors when bundled, 'use client' was ignored.
Module level directives cause errors when bundled, 'use client' was ignored.
Module level directives cause errors when bundled, 'use client' was ignored.
Module level directives cause errors when bundled, 'use client' was ignored.
Module level directives cause errors when bundled, 'use client' was ignored.
Module level directives cause errors when bundled, 'use client' was ignored.
Module level directives cause errors when bundled, 'use client' was ignored.
Module level directives cause errors when bundled, 'use client' was ignored.
Module level directives cause errors when bundled, 'use client' was ignored.
Module level directives cause errors when bundled, 'use client' was ignored.
Module level directives cause errors when bundled, 'use client' was ignored.
Module level directives cause errors when bundled, 'use client' was ignored.
Module level directives cause errors when bundled, 'use client' was ignored.
Module level directives cause errors when bundled, 'use client' was ignored.
Module level directives cause errors when bundled, 'use client' was ignored.
Module level directives cause errors when bundled, 'use client' was ignored.
Module level directives cause errors when bundled, 'use client' was ignored.
Module level directives cause errors when bundled, 'use client' was ignored.
Module level directives cause errors when bundled, 'use client' was ignored.
Module level directives cause errors when bundled, 'use client' was ignored.
Module level directives cause errors when bundled, 'use client' was ignored.
Module level directives cause errors when bundled, 'use client' was ignored.
Module level directives cause errors when bundled, 'use client' was ignored.
Module level directives cause errors when bundled, 'use client' was ignored.
Module level directives cause errors when bundled, 'use client' was ignored.
Module level directives cause errors when bundled, 'use client' was ignored.
Module level directives cause errors when bundled, 'use client' was ignored.
Module level directives cause errors when bundled, 'use client' was ignored.
Module level directives cause errors when bundled, 'use client' was ignored.
Module level directives cause errors when bundled, 'use client' was ignored.
Module level directives cause errors when bundled, 'use client' was ignored.
Module level directives cause errors when bundled, 'use client' was ignored.
Module level directives cause errors when bundled, 'use client' was ignored.
Module level directives cause errors when bundled, 'use client' was ignored.
Module level directives cause errors when bundled, 'use client' was ignored.
Module level directives cause errors when bundled, 'use client' was ignored.
Module level directives cause errors when bundled, 'use client' was ignored.
Module level directives cause errors when bundled, 'use client' was ignored.
Module level directives cause errors when bundled, 'use client' was ignored.
Module level directives cause errors when bundled, 'use client' was ignored.
Module level directives cause errors when bundled, 'use client' was ignored.
Module level directives cause errors when bundled, 'use client' was ignored.
Module level directives cause errors when bundled, 'use client' was ignored.
Module level directives cause errors when bundled, 'use client' was ignored.
Module level directives cause errors when bundled, 'use client' was ignored.
Module level directives cause errors when bundled, 'use client' was ignored.
Module level directives cause errors when bundled, 'use client' was ignored.
Module level directives cause errors when bundled, 'use client' was ignored.
Module level directives cause errors when bundled, 'use client' was ignored.
Module level directives cause errors when bundled, 'use client' was ignored.
Module level directives cause errors when bundled, 'use client' was ignored.
Module level directives cause errors when bundled, 'use client' was ignored.
Module level directives cause errors when bundled, 'use client' was ignored.
Module level directives cause errors when bundled, 'use client' was ignored.
Module level directives cause errors when bundled, 'use client' was ignored.
Module level directives cause errors when bundled, 'use client' was ignored.
Module level directives cause errors when bundled, 'use client' was ignored.
Module level directives cause errors when bundled, 'use client' was ignored.
Module level directives cause errors when bundled, 'use client' was ignored.
Module level directives cause errors when bundled, 'use client' was ignored.
Module level directives cause errors when bundled, 'use client' was ignored.
Module level directives cause errors when bundled, 'use client' was ignored.
Module level directives cause errors when bundled, 'use client' was ignored.
Module level directives cause errors when bundled, 'use client' was ignored.
Module level directives cause errors when bundled, 'use client' was ignored.
Module level directives cause errors when bundled, 'use client' was ignored.
Module level directives cause errors when bundled, 'use client' was ignored.
Module level directives cause errors when bundled, 'use client' was ignored.
Module level directives cause errors when bundled, 'use client' was ignored.
Module level directives cause errors when bundled, 'use client' was ignored.
Module level directives cause errors when bundled, 'use client' was ignored.
Module level directives cause errors when bundled, 'use client' was ignored.
Module level directives cause errors when bundled, 'use client' was ignored.
Module level directives cause errors when bundled, 'use client' was ignored.
Module level directives cause errors when bundled, 'use client' was ignored.
Module level directives cause errors when bundled, 'use client' was ignored.
Module level directives cause errors when bundled, 'use client' was ignored.
Module level directives cause errors when bundled, 'use client' was ignored.
Module level directives cause errors when bundled, 'use client' was ignored.
Module level directives cause errors when bundled, 'use client' was ignored.
Module level directives cause errors when bundled, 'use client' was ignored.
Module level directives cause errors when bundled, 'use client' was ignored.
Module level directives cause errors when bundled, 'use client' was ignored.
Module level directives cause errors when bundled, 'use client' was ignored.
Module level directives cause errors when bundled, 'use client' was ignored.
Module level directives cause errors when bundled, 'use client' was ignored.
Module level directives cause errors when bundled, 'use client' was ignored.
Module level directives cause errors when bundled, 'use client' was ignored.
Module level directives cause errors when bundled, 'use client' was ignored.
Module level directives cause errors when bundled, 'use client' was ignored.
Module level directives cause errors when bundled, 'use client' was ignored.
Module level directives cause errors when bundled, 'use client' was ignored.
Module level directives cause errors when bundled, 'use client' was ignored.
✓ 3918 modules transformed.
rendering chunks...
dist/index.html                  0.36 KiB
dist/assets/index.885b3e76.css   0.27 KiB / gzip: 0.22 KiB
dist/assets/index.662a9291.js    1203.41 KiB / gzip: 376.67 KiB

(!) Some chunks are larger than 500 KiB after minification. Consider:
- Using dynamic import() to code-split the application
- Use build.rollupOptions.output.manualChunks to improve chunking: https://rollupjs.org/guide/en/#outputmanualchunks
- Adjust chunk size limit for this warning via build.chunkSizeWarningLimit.
go build -o work-manager .
./work-manager
Database initialized at: /Users/zzg/Desktop/Github/chaitin_job/work_manager.db
🚀 工作安排管理系统 started at http://localhost:8080
make: *** [run] Killed: 9
cd frontend && npm install --silent && npm run build

> frontend@0.0.0 build
> tsc && vite build

vite v3.2.11 building for production...
transforming...
Module level directives cause errors when bundled, 'use client' was ignored.
Module level directives cause errors when bundled, 'use client' was ignored.
Module level directives cause errors when bundled, 'use client' was ignored.
Module level directives cause errors when bundled, 'use client' was ignored.
Module level directives cause errors when bundled, 'use client' was ignored.
Module level directives cause errors when bundled, 'use client' was ignored.
Module level directives cause errors when bundled, 'use client' was ignored.
Module level directives cause errors when bundled, 'use client' was ignored.
Module level directives cause errors when bundled, 'use client' was ignored.
Module level directives cause errors when bundled, 'use client' was ignored.
Module level directives cause errors when bundled, 'use client' was ignored.
Module level directives cause errors when bundled, 'use client' was ignored.
Module level directives cause errors when bundled, 'use client' was ignored.
Module level directives cause errors when bundled, 'use client' was ignored.
Module level directives cause errors when bundled, 'use client' was ignored.
Module level directives cause errors when bundled, 'use client' was ignored.
Module level directives cause errors when bundled, 'use client' was ignored.
Module level directives cause errors when bundled, 'use client' was ignored.
Module level directives cause errors when bundled, 'use client' was ignored.
Module level directives cause errors when bundled, 'use client' was ignored.
Module level directives cause errors when bundled, 'use client' was ignored.
Module level directives cause errors when bundled, 'use client' was ignored.
Module level directives cause errors when bundled, 'use client' was ignored.
Module level directives cause errors when bundled, 'use client' was ignored.
Module level directives cause errors when bundled, 'use client' was ignored.
Module level directives cause errors when bundled, 'use client' was ignored.
Module level directives cause errors when bundled, 'use client' was ignored.
Module level directives cause errors when bundled, 'use client' was ignored.
Module level directives cause errors when bundled, 'use client' was ignored.
Module level directives cause errors when bundled, 'use client' was ignored.
Module level directives cause errors when bundled, 'use client' was ignored.
Module level directives cause errors when bundled, 'use client' was ignored.
Module level directives cause errors when bundled, 'use client' was ignored.
Module level directives cause errors when bundled, 'use client' was ignored.
Module level directives cause errors when bundled, 'use client' was ignored.
Module level directives cause errors when bundled, 'use client' was ignored.
Module level directives cause errors when bundled, 'use client' was ignored.
Module level directives cause errors when bundled, 'use client' was ignored.
Module level directives cause errors when bundled, 'use client' was ignored.
Module level directives cause errors when bundled, 'use client' was ignored.
Module level directives cause errors when bundled, 'use client' was ignored.
Module level directives cause errors when bundled, 'use client' was ignored.
Module level directives cause errors when bundled, 'use client' was ignored.
Module level directives cause errors when bundled, 'use client' was ignored.
Module level directives cause errors when bundled, 'use client' was ignored.
Module level directives cause errors when bundled, 'use client' was ignored.
Module level directives cause errors when bundled, 'use client' was ignored.
Module level directives cause errors when bundled, 'use client' was ignored.
Module level directives cause errors when bundled, 'use client' was ignored.
Module level directives cause errors when bundled, 'use client' was ignored.
Module level directives cause errors when bundled, 'use client' was ignored.
Module level directives cause errors when bundled, 'use client' was ignored.
Module level directives cause errors when bundled, 'use client' was ignored.
Module level directives cause errors when bundled, 'use client' was ignored.
Module level directives cause errors when bundled, 'use client' was ignored.
Module level directives cause errors when bundled, 'use client' was ignored.
Module level directives cause errors when bundled, 'use client' was ignored.
Module level directives cause errors when bundled, 'use client' was ignored.
Module level directives cause errors when bundled, 'use client' was ignored.
Module level directives cause errors when bundled, 'use client' was ignored.
Module level directives cause errors when bundled, 'use client' was ignored.
Module level directives cause errors when bundled, 'use client' was ignored.
Module level directives cause errors when bundled, 'use client' was ignored.
Module level directives cause errors when bundled, 'use client' was ignored.
Module level directives cause errors when bundled, 'use client' was ignored.
Module level directives cause errors when bundled, 'use client' was ignored.
Module level directives cause errors when bundled, 'use client' was ignored.
Module level directives cause errors when bundled, 'use client' was ignored.
Module level directives cause errors when bundled, 'use client' was ignored.
Module level directives cause errors when bundled, 'use client' was ignored.
Module level directives cause errors when bundled, 'use client' was ignored.
Module level directives cause errors when bundled, 'use client' was ignored.
Module level directives cause errors when bundled, 'use client' was ignored.
Module level directives cause errors when bundled, 'use client' was ignored.
Module level directives cause errors when bundled, 'use client' was ignored.
Module level directives cause errors when bundled, 'use client' was ignored.
Module level directives cause errors when bundled, 'use client' was ignored.
Module level directives cause errors when bundled, 'use client' was ignored.
Module level directives cause errors when bundled, 'use client' was ignored.
Module level directives cause errors when bundled, 'use client' was ignored.
Module level directives cause errors when bundled, 'use client' was ignored.
Module level directives cause errors when bundled, 'use client' was ignored.
Module level directives cause errors when bundled, 'use client' was ignored.
Module level directives cause errors when bundled, 'use client' was ignored.
Module level directives cause errors when bundled, 'use client' was ignored.
Module level directives cause errors when bundled, 'use client' was ignored.
Module level directives cause errors when bundled, 'use client' was ignored.
Module level directives cause errors when bundled, 'use client' was ignored.
Module level directives cause errors when bundled, 'use client' was ignored.
Module level directives cause errors when bundled, 'use client' was ignored.
Module level directives cause errors when bundled, 'use client' was ignored.
Module level directives cause errors when bundled, 'use client' was ignored.
Module level directives cause errors when bundled, 'use client' was ignored.
Module level directives cause errors when bundled, 'use client' was ignored.
Module level directives cause errors when bundled, 'use client' was ignored.
Module level directives cause errors when bundled, 'use client' was ignored.
Module level directives cause errors when bundled, 'use client' was ignored.
Module level directives cause errors when bundled, 'use client' was ignored.
Module level directives cause errors when bundled, 'use client' was ignored.
Module level directives cause errors when bundled, 'use client' was ignored.
Module level directives cause errors when bundled, 'use client' was ignored.
Module level directives cause errors when bundled, 'use client' was ignored.
Module level directives cause errors when bundled, 'use client' was ignored.
Module level directives cause errors when bundled, 'use client' was ignored.
Module level directives cause errors when bundled, 'use client' was ignored.
Module level directives cause errors when bundled, 'use client' was ignored.
Module level directives cause errors when bundled, 'use client' was ignored.
Module level directives cause errors when bundled, 'use client' was ignored.
Module level directives cause errors when bundled, 'use client' was ignored.
Module level directives cause errors when bundled, 'use client' was ignored.
Module level directives cause errors when bundled, 'use client' was ignored.
Module level directives cause errors when bundled, 'use client' was ignored.
Module level directives cause errors when bundled, 'use client' was ignored.
Module level directives cause errors when bundled, 'use client' was ignored.
Module level directives cause errors when bundled, 'use client' was ignored.
Module level directives cause errors when bundled, 'use client' was ignored.
Module level directives cause errors when bundled, 'use client' was ignored.
Module level directives cause errors when bundled, 'use client' was ignored.
Module level directives cause errors when bundled, 'use client' was ignored.
Module level directives cause errors when bundled, 'use client' was ignored.
Module level directives cause errors when bundled, 'use client' was ignored.
Module level directives cause errors when bundled, 'use client' was ignored.
Module level directives cause errors when bundled, 'use client' was ignored.
Module level directives cause errors when bundled, 'use client' was ignored.
Module level directives cause errors when bundled, 'use client' was ignored.
Module level directives cause errors when bundled, 'use client' was ignored.
Module level directives cause errors when bundled, 'use client' was ignored.
Module level directives cause errors when bundled, 'use client' was ignored.
Module level directives cause errors when bundled, 'use client' was ignored.
Module level directives cause errors when bundled, 'use client' was ignored.
Module level directives cause errors when bundled, 'use client' was ignored.
Module level directives cause errors when bundled, 'use client' was ignored.
Module level directives cause errors when bundled, 'use client' was ignored.
Module level directives cause errors when bundled, 'use client' was ignored.
Module level directives cause errors when bundled, 'use client' was ignored.
Module level directives cause errors when bundled, 'use client' was ignored.
Module level directives cause errors when bundled, 'use client' was ignored.
Module level directives cause errors when bundled, 'use client' was ignored.
Module level directives cause errors when bundled, 'use client' was ignored.
Module level directives cause errors when bundled, 'use client' was ignored.
Module level directives cause errors when bundled, 'use client' was ignored.
Module level directives cause errors when bundled, 'use client' was ignored.
Module level directives cause errors when bundled, 'use client' was ignored.
Module level directives cause errors when bundled, 'use client' was ignored.
Module level directives cause errors when bundled, 'use client' was ignored.
Module level directives cause errors when bundled, 'use client' was ignored.
Module level directives cause errors when bundled, 'use client' was ignored.
Module level directives cause errors when bundled, 'use client' was ignored.
Module level directives cause errors when bundled, 'use client' was ignored.
Module level directives cause errors when bundled, 'use client' was ignored.
Module level directives cause errors when bundled, 'use client' was ignored.
Module level directives cause errors when bundled, 'use client' was ignored.
Module level directives cause errors when bundled, 'use client' was ignored.
Module level directives cause errors when bundled, 'use client' was ignored.
Module level directives cause errors when bundled, 'use client' was ignored.
Module level directives cause errors when bundled, 'use client' was ignored.
Module level directives cause errors when bundled, 'use client' was ignored.
Module level directives cause errors when bundled, 'use client' was ignored.
Module level directives cause errors when bundled, 'use client' was ignored.
Module level directives cause errors when bundled, 'use client' was ignored.
Module level directives cause errors when bundled, 'use client' was ignored.
Module level directives cause errors when bundled, 'use client' was ignored.
Module level directives cause errors when bundled, 'use client' was ignored.
Module level directives cause errors when bundled, 'use client' was ignored.
Module level directives cause errors when bundled, 'use client' was ignored.
Module level directives cause errors when bundled, 'use client' was ignored.
Module level directives cause errors when bundled, 'use client' was ignored.
Module level directives cause errors when bundled, 'use client' was ignored.
Module level directives cause errors when bundled, 'use client' was ignored.
Module level directives cause errors when bundled, 'use client' was ignored.
Module level directives cause errors when bundled, 'use client' was ignored.
Module level directives cause errors when bundled, 'use client' was ignored.
Module level directives cause errors when bundled, 'use client' was ignored.
Module level directives cause errors when bundled, 'use client' was ignored.
Module level directives cause errors when bundled, 'use client' was ignored.
Module level directives cause errors when bundled, 'use client' was ignored.
Module level directives cause errors when bundled, 'use client' was ignored.
Module level directives cause errors when bundled, 'use client' was ignored.
Module level directives cause errors when bundled, 'use client' was ignored.
Module level directives cause errors when bundled, 'use client' was ignored.
Module level directives cause errors when bundled, 'use client' was ignored.
Module level directives cause errors when bundled, 'use client' was ignored.
Module level directives cause errors when bundled, 'use client' was ignored.
Module level directives cause errors when bundled, 'use client' was ignored.
Module level directives cause errors when bundled, 'use client' was ignored.
Module level directives cause errors when bundled, 'use client' was ignored.
Module level directives cause errors when bundled, 'use client' was ignored.
Module level directives cause errors when bundled, 'use client' was ignored.
Module level directives cause errors when bundled, 'use client' was ignored.
Module level directives cause errors when bundled, 'use client' was ignored.
Module level directives cause errors when bundled, 'use client' was ignored.
Module level directives cause errors when bundled, 'use client' was ignored.
Module level directives cause errors when bundled, 'use client' was ignored.
Module level directives cause errors when bundled, 'use client' was ignored.
Module level directives cause errors when bundled, 'use client' was ignored.
Module level directives cause errors when bundled, 'use client' was ignored.
Module level directives cause errors when bundled, 'use client' was ignored.
Module level directives cause errors when bundled, 'use client' was ignored.
Module level directives cause errors when bundled, 'use client' was ignored.
Module level directives cause errors when bundled, 'use client' was ignored.
Module level directives cause errors when bundled, 'use client' was ignored.
Module level directives cause errors when bundled, 'use client' was ignored.
Module level directives cause errors when bundled, 'use client' was ignored.
Module level directives cause errors when bundled, 'use client' was ignored.
Module level directives cause errors when bundled, 'use client' was ignored.
Module level directives cause errors when bundled, 'use client' was ignored.
Module level directives cause errors when bundled, 'use client' was ignored.
Module level directives cause errors when bundled, 'use client' was ignored.
Module level directives cause errors when bundled, 'use client' was ignored.
Module level directives cause errors when bundled, 'use client' was ignored.
Module level directives cause errors when bundled, 'use client' was ignored.
Module level directives cause errors when bundled, 'use client' was ignored.
Module level directives cause errors when bundled, 'use client' was ignored.
Module level directives cause errors when bundled, 'use client' was ignored.
Module level directives cause errors when bundled, 'use client' was ignored.
Module level directives cause errors when bundled, 'use client' was ignored.
Module level directives cause errors when bundled, 'use client' was ignored.
Module level directives cause errors when bundled, 'use client' was ignored.
Module level directives cause errors when bundled, 'use client' was ignored.
Module level directives cause errors when bundled, 'use client' was ignored.
Module level directives cause errors when bundled, 'use client' was ignored.
Module level directives cause errors when bundled, 'use client' was ignored.
Module level directives cause errors when bundled, 'use client' was ignored.
Module level directives cause errors when bundled, 'use client' was ignored.
Module level directives cause errors when bundled, 'use client' was ignored.
Module level directives cause errors when bundled, 'use client' was ignored.
Module level directives cause errors when bundled, 'use client' was ignored.
Module level directives cause errors when bundled, 'use client' was ignored.
Module level directives cause errors when bundled, 'use client' was ignored.
Module level directives cause errors when bundled, 'use client' was ignored.
Module level directives cause errors when bundled, 'use client' was ignored.
Module level directives cause errors when bundled, 'use client' was ignored.
Module level directives cause errors when bundled, 'use client' was ignored.
Module level directives cause errors when bundled, 'use client' was ignored.
Module level directives cause errors when bundled, 'use client' was ignored.
Module level directives cause errors when bundled, 'use client' was ignored.
Module level directives cause errors when bundled, 'use client' was ignored.
Module level directives cause errors when bundled, 'use client' was ignored.
Module level directives cause errors when bundled, 'use client' was ignored.
Module level directives cause errors when bundled, 'use client' was ignored.
Module level directives cause errors when bundled, 'use client' was ignored.
Module level directives cause errors when bundled, 'use client' was ignored.
Module level directives cause errors when bundled, 'use client' was ignored.
Module level directives cause errors when bundled, 'use client' was ignored.
Module level directives cause errors when bundled, 'use client' was ignored.
Module level directives cause errors when bundled, 'use client' was ignored.
Module level directives cause errors when bundled, 'use client' was ignored.
Module level directives cause errors when bundled, 'use client' was ignored.
Module level directives cause errors when bundled, 'use client' was ignored.
Module level directives cause errors when bundled, 'use client' was ignored.
Module level directives cause errors when bundled, 'use client' was ignored.
Module level directives cause errors when bundled, 'use client' was ignored.
Module level directives cause errors when bundled, 'use client' was ignored.
Module level directives cause errors when bundled, 'use client' was ignored.
Module level directives cause errors when bundled, 'use client' was ignored.
Module level directives cause errors when bundled, 'use client' was ignored.
Module level directives cause errors when bundled, 'use client' was ignored.
Module level directives cause errors when bundled, 'use client' was ignored.
Module level directives cause errors when bundled, 'use client' was ignored.
Module level directives cause errors when bundled, 'use client' was ignored.
Module level directives cause errors when bundled, 'use client' was ignored.
Module level directives cause errors when bundled, 'use client' was ignored.
Module level directives cause errors when bundled, 'use client' was ignored.
Module level directives cause errors when bundled, 'use client' was ignored.
Module level directives cause errors when bundled, 'use client' was ignored.
Module level directives cause errors when bundled, 'use client' was ignored.
Module level directives cause errors when bundled, 'use client' was ignored.
Module level directives cause errors when bundled, 'use client' was ignored.
Module level directives cause errors when bundled, 'use client' was ignored.
Module level directives cause errors when bundled, 'use client' was ignored.
Module level directives cause errors when bundled, 'use client' was ignored.
Module level directives cause errors when bundled, 'use client' was ignored.
Module level directives cause errors when bundled, 'use client' was ignored.
Module level directives cause errors when bundled, 'use client' was ignored.
Module level directives cause errors when bundled, 'use client' was ignored.
Module level directives cause errors when bundled, 'use client' was ignored.
Module level directives cause errors when bundled, 'use client' was ignored.
Module level directives cause errors when bundled, 'use client' was ignored.
Module level directives cause errors when bundled, 'use client' was ignored.
Module level directives cause errors when bundled, 'use client' was ignored.
Module level directives cause errors when bundled, 'use client' was ignored.
Module level directives cause errors when bundled, 'use client' was ignored.
Module level directives cause errors when bundled, 'use client' was ignored.
Module level directives cause errors when bundled, 'use client' was ignored.
Module level directives cause errors when bundled, 'use client' was ignored.
Module level directives cause errors when bundled, 'use client' was ignored.
Module level directives cause errors when bundled, 'use client' was ignored.
Module level directives cause errors when bundled, 'use client' was ignored.
Module level directives cause errors when bundled, 'use client' was ignored.
Module level directives cause errors when bundled, 'use client' was ignored.
Module level directives cause errors when bundled, 'use client' was ignored.
✓ 3918 modules transformed.
rendering chunks...
dist/index.html                  0.36 KiB
dist/assets/index.885b3e76.css   0.27 KiB / gzip: 0.22 KiB
dist/assets/index.a0efd86c.js    1203.50 KiB / gzip: 376.68 KiB

(!) Some chunks are larger than 500 KiB after minification. Consider:
- Using dynamic import() to code-split the application
- Use build.rollupOptions.output.manualChunks to improve chunking: https://rollupjs.org/guide/en/#outputmanualchunks
- Adjust chunk size limit for this warning via build.chunkSizeWarningLimit.
go build -o work-manager .
./work-manager
Database initialized at: /Users/zzg/Desktop/Github/chaitin_job/work_manager.db
🚀 工作安排管理系统 started at http://localhost:8080
2026/06/06 11:13:43 Server error: listen tcp :8080: bind: address already in use
make: *** [run] Error 1
cd frontend && npm install --silent && npm run build

> frontend@0.0.0 build
> tsc && vite build

vite v3.2.11 building for production...
transforming...
Module level directives cause errors when bundled, 'use client' was ignored.
Module level directives cause errors when bundled, 'use client' was ignored.
Module level directives cause errors when bundled, 'use client' was ignored.
Module level directives cause errors when bundled, 'use client' was ignored.
Module level directives cause errors when bundled, 'use client' was ignored.
Module level directives cause errors when bundled, 'use client' was ignored.
Module level directives cause errors when bundled, 'use client' was ignored.
Module level directives cause errors when bundled, 'use client' was ignored.
Module level directives cause errors when bundled, 'use client' was ignored.
Module level directives cause errors when bundled, 'use client' was ignored.
Module level directives cause errors when bundled, 'use client' was ignored.
Module level directives cause errors when bundled, 'use client' was ignored.
Module level directives cause errors when bundled, 'use client' was ignored.
Module level directives cause errors when bundled, 'use client' was ignored.
Module level directives cause errors when bundled, 'use client' was ignored.
Module level directives cause errors when bundled, 'use client' was ignored.
Module level directives cause errors when bundled, 'use client' was ignored.
Module level directives cause errors when bundled, 'use client' was ignored.
Module level directives cause errors when bundled, 'use client' was ignored.
Module level directives cause errors when bundled, 'use client' was ignored.
Module level directives cause errors when bundled, 'use client' was ignored.
Module level directives cause errors when bundled, 'use client' was ignored.
Module level directives cause errors when bundled, 'use client' was ignored.
Module level directives cause errors when bundled, 'use client' was ignored.
Module level directives cause errors when bundled, 'use client' was ignored.
Module level directives cause errors when bundled, 'use client' was ignored.
Module level directives cause errors when bundled, 'use client' was ignored.
Module level directives cause errors when bundled, 'use client' was ignored.
Module level directives cause errors when bundled, 'use client' was ignored.
Module level directives cause errors when bundled, 'use client' was ignored.
Module level directives cause errors when bundled, 'use client' was ignored.
Module level directives cause errors when bundled, 'use client' was ignored.
Module level directives cause errors when bundled, 'use client' was ignored.
Module level directives cause errors when bundled, 'use client' was ignored.
Module level directives cause errors when bundled, 'use client' was ignored.
Module level directives cause errors when bundled, 'use client' was ignored.
Module level directives cause errors when bundled, 'use client' was ignored.
Module level directives cause errors when bundled, 'use client' was ignored.
Module level directives cause errors when bundled, 'use client' was ignored.
Module level directives cause errors when bundled, 'use client' was ignored.
Module level directives cause errors when bundled, 'use client' was ignored.
Module level directives cause errors when bundled, 'use client' was ignored.
Module level directives cause errors when bundled, 'use client' was ignored.
Module level directives cause errors when bundled, 'use client' was ignored.
Module level directives cause errors when bundled, 'use client' was ignored.
Module level directives cause errors when bundled, 'use client' was ignored.
Module level directives cause errors when bundled, 'use client' was ignored.
Module level directives cause errors when bundled, 'use client' was ignored.
Module level directives cause errors when bundled, 'use client' was ignored.
Module level directives cause errors when bundled, 'use client' was ignored.
Module level directives cause errors when bundled, 'use client' was ignored.
Module level directives cause errors when bundled, 'use client' was ignored.
Module level directives cause errors when bundled, 'use client' was ignored.
Module level directives cause errors when bundled, 'use client' was ignored.
Module level directives cause errors when bundled, 'use client' was ignored.
Module level directives cause errors when bundled, 'use client' was ignored.
Module level directives cause errors when bundled, 'use client' was ignored.
Module level directives cause errors when bundled, 'use client' was ignored.
Module level directives cause errors when bundled, 'use client' was ignored.
Module level directives cause errors when bundled, 'use client' was ignored.
Module level directives cause errors when bundled, 'use client' was ignored.
Module level directives cause errors when bundled, 'use client' was ignored.
Module level directives cause errors when bundled, 'use client' was ignored.
Module level directives cause errors when bundled, 'use client' was ignored.
Module level directives cause errors when bundled, 'use client' was ignored.
Module level directives cause errors when bundled, 'use client' was ignored.
Module level directives cause errors when bundled, 'use client' was ignored.
Module level directives cause errors when bundled, 'use client' was ignored.
Module level directives cause errors when bundled, 'use client' was ignored.
Module level directives cause errors when bundled, 'use client' was ignored.
Module level directives cause errors when bundled, 'use client' was ignored.
Module level directives cause errors when bundled, 'use client' was ignored.
Module level directives cause errors when bundled, 'use client' was ignored.
Module level directives cause errors when bundled, 'use client' was ignored.
Module level directives cause errors when bundled, 'use client' was ignored.
Module level directives cause errors when bundled, 'use client' was ignored.
Module level directives cause errors when bundled, 'use client' was ignored.
Module level directives cause errors when bundled, 'use client' was ignored.
Module level directives cause errors when bundled, 'use client' was ignored.
Module level directives cause errors when bundled, 'use client' was ignored.
Module level directives cause errors when bundled, 'use client' was ignored.
Module level directives cause errors when bundled, 'use client' was ignored.
Module level directives cause errors when bundled, 'use client' was ignored.
Module level directives cause errors when bundled, 'use client' was ignored.
Module level directives cause errors when bundled, 'use client' was ignored.
Module level directives cause errors when bundled, 'use client' was ignored.
Module level directives cause errors when bundled, 'use client' was ignored.
Module level directives cause errors when bundled, 'use client' was ignored.
Module level directives cause errors when bundled, 'use client' was ignored.
Module level directives cause errors when bundled, 'use client' was ignored.
Module level directives cause errors when bundled, 'use client' was ignored.
Module level directives cause errors when bundled, 'use client' was ignored.
Module level directives cause errors when bundled, 'use client' was ignored.
Module level directives cause errors when bundled, 'use client' was ignored.
Module level directives cause errors when bundled, 'use client' was ignored.
Module level directives cause errors when bundled, 'use client' was ignored.
Module level directives cause errors when bundled, 'use client' was ignored.
Module level directives cause errors when bundled, 'use client' was ignored.
Module level directives cause errors when bundled, 'use client' was ignored.
Module level directives cause errors when bundled, 'use client' was ignored.
Module level directives cause errors when bundled, 'use client' was ignored.
Module level directives cause errors when bundled, 'use client' was ignored.
Module level directives cause errors when bundled, 'use client' was ignored.
Module level directives cause errors when bundled, 'use client' was ignored.
Module level directives cause errors when bundled, 'use client' was ignored.
Module level directives cause errors when bundled, 'use client' was ignored.
Module level directives cause errors when bundled, 'use client' was ignored.
Module level directives cause errors when bundled, 'use client' was ignored.
Module level directives cause errors when bundled, 'use client' was ignored.
Module level directives cause errors when bundled, 'use client' was ignored.
Module level directives cause errors when bundled, 'use client' was ignored.
Module level directives cause errors when bundled, 'use client' was ignored.
Module level directives cause errors when bundled, 'use client' was ignored.
Module level directives cause errors when bundled, 'use client' was ignored.
Module level directives cause errors when bundled, 'use client' was ignored.
Module level directives cause errors when bundled, 'use client' was ignored.
Module level directives cause errors when bundled, 'use client' was ignored.
Module level directives cause errors when bundled, 'use client' was ignored.
Module level directives cause errors when bundled, 'use client' was ignored.
Module level directives cause errors when bundled, 'use client' was ignored.
Module level directives cause errors when bundled, 'use client' was ignored.
Module level directives cause errors when bundled, 'use client' was ignored.
Module level directives cause errors when bundled, 'use client' was ignored.
Module level directives cause errors when bundled, 'use client' was ignored.
Module level directives cause errors when bundled, 'use client' was ignored.
Module level directives cause errors when bundled, 'use client' was ignored.
Module level directives cause errors when bundled, 'use client' was ignored.
Module level directives cause errors when bundled, 'use client' was ignored.
Module level directives cause errors when bundled, 'use client' was ignored.
Module level directives cause errors when bundled, 'use client' was ignored.
Module level directives cause errors when bundled, 'use client' was ignored.
Module level directives cause errors when bundled, 'use client' was ignored.
Module level directives cause errors when bundled, 'use client' was ignored.
Module level directives cause errors when bundled, 'use client' was ignored.
Module level directives cause errors when bundled, 'use client' was ignored.
Module level directives cause errors when bundled, 'use client' was ignored.
Module level directives cause errors when bundled, 'use client' was ignored.
Module level directives cause errors when bundled, 'use client' was ignored.
Module level directives cause errors when bundled, 'use client' was ignored.
Module level directives cause errors when bundled, 'use client' was ignored.
Module level directives cause errors when bundled, 'use client' was ignored.
Module level directives cause errors when bundled, 'use client' was ignored.
Module level directives cause errors when bundled, 'use client' was ignored.
Module level directives cause errors when bundled, 'use client' was ignored.
Module level directives cause errors when bundled, 'use client' was ignored.
Module level directives cause errors when bundled, 'use client' was ignored.
Module level directives cause errors when bundled, 'use client' was ignored.
Module level directives cause errors when bundled, 'use client' was ignored.
Module level directives cause errors when bundled, 'use client' was ignored.
Module level directives cause errors when bundled, 'use client' was ignored.
Module level directives cause errors when bundled, 'use client' was ignored.
Module level directives cause errors when bundled, 'use client' was ignored.
Module level directives cause errors when bundled, 'use client' was ignored.
Module level directives cause errors when bundled, 'use client' was ignored.
Module level directives cause errors when bundled, 'use client' was ignored.
Module level directives cause errors when bundled, 'use client' was ignored.
Module level directives cause errors when bundled, 'use client' was ignored.
Module level directives cause errors when bundled, 'use client' was ignored.
Module level directives cause errors when bundled, 'use client' was ignored.
Module level directives cause errors when bundled, 'use client' was ignored.
Module level directives cause errors when bundled, 'use client' was ignored.
Module level directives cause errors when bundled, 'use client' was ignored.
Module level directives cause errors when bundled, 'use client' was ignored.
Module level directives cause errors when bundled, 'use client' was ignored.
Module level directives cause errors when bundled, 'use client' was ignored.
Module level directives cause errors when bundled, 'use client' was ignored.
Module level directives cause errors when bundled, 'use client' was ignored.
Module level directives cause errors when bundled, 'use client' was ignored.
Module level directives cause errors when bundled, 'use client' was ignored.
Module level directives cause errors when bundled, 'use client' was ignored.
Module level directives cause errors when bundled, 'use client' was ignored.
Module level directives cause errors when bundled, 'use client' was ignored.
Module level directives cause errors when bundled, 'use client' was ignored.
Module level directives cause errors when bundled, 'use client' was ignored.
Module level directives cause errors when bundled, 'use client' was ignored.
Module level directives cause errors when bundled, 'use client' was ignored.
Module level directives cause errors when bundled, 'use client' was ignored.
Module level directives cause errors when bundled, 'use client' was ignored.
Module level directives cause errors when bundled, 'use client' was ignored.
Module level directives cause errors when bundled, 'use client' was ignored.
Module level directives cause errors when bundled, 'use client' was ignored.
Module level directives cause errors when bundled, 'use client' was ignored.
Module level directives cause errors when bundled, 'use client' was ignored.
Module level directives cause errors when bundled, 'use client' was ignored.
Module level directives cause errors when bundled, 'use client' was ignored.
Module level directives cause errors when bundled, 'use client' was ignored.
Module level directives cause errors when bundled, 'use client' was ignored.
Module level directives cause errors when bundled, 'use client' was ignored.
Module level directives cause errors when bundled, 'use client' was ignored.
Module level directives cause errors when bundled, 'use client' was ignored.
Module level directives cause errors when bundled, 'use client' was ignored.
Module level directives cause errors when bundled, 'use client' was ignored.
Module level directives cause errors when bundled, 'use client' was ignored.
Module level directives cause errors when bundled, 'use client' was ignored.
Module level directives cause errors when bundled, 'use client' was ignored.
Module level directives cause errors when bundled, 'use client' was ignored.
Module level directives cause errors when bundled, 'use client' was ignored.
Module level directives cause errors when bundled, 'use client' was ignored.
Module level directives cause errors when bundled, 'use client' was ignored.
Module level directives cause errors when bundled, 'use client' was ignored.
Module level directives cause errors when bundled, 'use client' was ignored.
Module level directives cause errors when bundled, 'use client' was ignored.
Module level directives cause errors when bundled, 'use client' was ignored.
Module level directives cause errors when bundled, 'use client' was ignored.
Module level directives cause errors when bundled, 'use client' was ignored.
Module level directives cause errors when bundled, 'use client' was ignored.
Module level directives cause errors when bundled, 'use client' was ignored.
Module level directives cause errors when bundled, 'use client' was ignored.
Module level directives cause errors when bundled, 'use client' was ignored.
Module level directives cause errors when bundled, 'use client' was ignored.
Module level directives cause errors when bundled, 'use client' was ignored.
Module level directives cause errors when bundled, 'use client' was ignored.
Module level directives cause errors when bundled, 'use client' was ignored.
Module level directives cause errors when bundled, 'use client' was ignored.
Module level directives cause errors when bundled, 'use client' was ignored.
Module level directives cause errors when bundled, 'use client' was ignored.
Module level directives cause errors when bundled, 'use client' was ignored.
Module level directives cause errors when bundled, 'use client' was ignored.
Module level directives cause errors when bundled, 'use client' was ignored.
Module level directives cause errors when bundled, 'use client' was ignored.
Module level directives cause errors when bundled, 'use client' was ignored.
Module level directives cause errors when bundled, 'use client' was ignored.
Module level directives cause errors when bundled, 'use client' was ignored.
Module level directives cause errors when bundled, 'use client' was ignored.
Module level directives cause errors when bundled, 'use client' was ignored.
Module level directives cause errors when bundled, 'use client' was ignored.
Module level directives cause errors when bundled, 'use client' was ignored.
Module level directives cause errors when bundled, 'use client' was ignored.
Module level directives cause errors when bundled, 'use client' was ignored.
Module level directives cause errors when bundled, 'use client' was ignored.
Module level directives cause errors when bundled, 'use client' was ignored.
Module level directives cause errors when bundled, 'use client' was ignored.
Module level directives cause errors when bundled, 'use client' was ignored.
Module level directives cause errors when bundled, 'use client' was ignored.
Module level directives cause errors when bundled, 'use client' was ignored.
Module level directives cause errors when bundled, 'use client' was ignored.
Module level directives cause errors when bundled, 'use client' was ignored.
Module level directives cause errors when bundled, 'use client' was ignored.
Module level directives cause errors when bundled, 'use client' was ignored.
Module level directives cause errors when bundled, 'use client' was ignored.
Module level directives cause errors when bundled, 'use client' was ignored.
Module level directives cause errors when bundled, 'use client' was ignored.
Module level directives cause errors when bundled, 'use client' was ignored.
Module level directives cause errors when bundled, 'use client' was ignored.
Module level directives cause errors when bundled, 'use client' was ignored.
Module level directives cause errors when bundled, 'use client' was ignored.
Module level directives cause errors when bundled, 'use client' was ignored.
Module level directives cause errors when bundled, 'use client' was ignored.
Module level directives cause errors when bundled, 'use client' was ignored.
Module level directives cause errors when bundled, 'use client' was ignored.
Module level directives cause errors when bundled, 'use client' was ignored.
Module level directives cause errors when bundled, 'use client' was ignored.
Module level directives cause errors when bundled, 'use client' was ignored.
Module level directives cause errors when bundled, 'use client' was ignored.
Module level directives cause errors when bundled, 'use client' was ignored.
Module level directives cause errors when bundled, 'use client' was ignored.
Module level directives cause errors when bundled, 'use client' was ignored.
Module level directives cause errors when bundled, 'use client' was ignored.
Module level directives cause errors when bundled, 'use client' was ignored.
Module level directives cause errors when bundled, 'use client' was ignored.
Module level directives cause errors when bundled, 'use client' was ignored.
Module level directives cause errors when bundled, 'use client' was ignored.
Module level directives cause errors when bundled, 'use client' was ignored.
Module level directives cause errors when bundled, 'use client' was ignored.
Module level directives cause errors when bundled, 'use client' was ignored.
Module level directives cause errors when bundled, 'use client' was ignored.
Module level directives cause errors when bundled, 'use client' was ignored.
Module level directives cause errors when bundled, 'use client' was ignored.
Module level directives cause errors when bundled, 'use client' was ignored.
Module level directives cause errors when bundled, 'use client' was ignored.
Module level directives cause errors when bundled, 'use client' was ignored.
Module level directives cause errors when bundled, 'use client' was ignored.
Module level directives cause errors when bundled, 'use client' was ignored.
Module level directives cause errors when bundled, 'use client' was ignored.
Module level directives cause errors when bundled, 'use client' was ignored.
Module level directives cause errors when bundled, 'use client' was ignored.
Module level directives cause errors when bundled, 'use client' was ignored.
Module level directives cause errors when bundled, 'use client' was ignored.
Module level directives cause errors when bundled, 'use client' was ignored.
Module level directives cause errors when bundled, 'use client' was ignored.
Module level directives cause errors when bundled, 'use client' was ignored.
Module level directives cause errors when bundled, 'use client' was ignored.
Module level directives cause errors when bundled, 'use client' was ignored.
Module level directives cause errors when bundled, 'use client' was ignored.
Module level directives cause errors when bundled, 'use client' was ignored.
Module level directives cause errors when bundled, 'use client' was ignored.
Module level directives cause errors when bundled, 'use client' was ignored.
Module level directives cause errors when bundled, 'use client' was ignored.
Module level directives cause errors when bundled, 'use client' was ignored.
Module level directives cause errors when bundled, 'use client' was ignored.
Module level directives cause errors when bundled, 'use client' was ignored.
✓ 3918 modules transformed.
rendering chunks...
dist/index.html                  0.36 KiB
dist/assets/index.885b3e76.css   0.27 KiB / gzip: 0.22 KiB
dist/assets/index.a0efd86c.js    1203.50 KiB / gzip: 376.68 KiB

(!) Some chunks are larger than 500 KiB after minification. Consider:
- Using dynamic import() to code-split the application
- Use build.rollupOptions.output.manualChunks to improve chunking: https://rollupjs.org/guide/en/#outputmanualchunks
- Adjust chunk size limit for this warning via build.chunkSizeWarningLimit.
go build -o work-manager .
./work-manager
Database initialized at: /Users/zzg/Desktop/Github/chaitin_job/work_manager.db
🚀 工作安排管理系统 started at http://localhost:8080
make: *** [run] Killed: 9
